Build started 5/12/2015 12:37:45 AM.
     1>Project "C:\Users\zyork\Source\Repos\Project2\TrainFiles\Train.vcxproj" on node 2 (Build target(s)).
     1>ClCompile:
         C:\Program Files (x86)\Microsoft Visual Studio 12.0\VC\bin\CL.exe /c /I"C:\Program Files\glew\include" /I"C:\Program Files (x86)\FLTK 1.3.2\include" /I"C:\Program Files (x86)\glm" /I"C:\Program Files (x86)\glew\include" /I.. /ZI /nologo /W3 /WX- /Od /Oy- /D WIN32 /D _DEBUG /D _CONSOLE /D _CRT_SECURE_NO_WARNINGS /D _UNICODE /D UNICODE /Gm /EHsc /RTC1 /MDd /GS /fp:precise /Zc:wchar_t /Zc:forScope /Fo"Debug\\" /Fd"Debug\vc120.pdb" /Gd /TP /analyze- /errorReport:prompt CallBacks.cpp TrainView.cpp TrainWindow.cpp
         Skipping... (no relevant changes detected)
         TrainWindow.cpp
         TrainView.cpp
         CallBacks.cpp
       Link:
         C:\Program Files (x86)\Microsoft Visual Studio 12.0\VC\bin\link.exe /ERRORREPORT:PROMPT /OUT:"C:\Users\zyork\Source\Repos\Project2\TrainFiles\Debug\Train.exe" /INCREMENTAL /NOLOGO /LIBPATH:"C:\Program Files\glew\lib" /LIBPATH:"C:\Program Files (x86)\FLTK 1.3.2\lib" comctl32.lib wsock32.lib opengl32.lib glu32.lib "C:\Program Files\glew\lib\Release\Win32\glew32s.lib" fltkgld.lib fltkd.lib kernel32.lib user32.lib gdi32.lib winspool.lib comdlg32.lib advapi32.lib shell32.lib ole32.lib oleaut32.lib uuid.lib odbc32.lib odbccp32.lib /MANIFEST /MANIFESTUAC:"level='asInvoker' uiAccess='false'" /manifest:embed /DEBUG /PDB:"C:\Users\zyork\Source\Repos\Project2\TrainFiles\Debug\Train.pdb" /SUBSYSTEM:CONSOLE /TLBID:1 /DYNAMICBASE:NO /IMPLIB:"C:\Users\zyork\Source\Repos\Project2\TrainFiles\Debug\Train.lib" /MACHINE:X86 /SAFESEH Debug\CallBacks.obj
         Debug\ControlPoint.obj
         Debug\ShaderTools.obj
         Debug\Train.obj
         Debug\TrainView.obj
         Debug\TrainWindow.obj
         Debug\World.obj
         Debug\3DUtils.obj
         Debug\ArcBallCam.obj
         Debug\Pnt3f.obj
         Train.vcxproj -> C:\Users\zyork\Source\Repos\Project2\TrainFiles\Debug\Train.exe
     1>Done Building Project "C:\Users\zyork\Source\Repos\Project2\TrainFiles\Train.vcxproj" (Build target(s)).

Build succeeded.

Time Elapsed 00:00:00.26
